[21:39:54] === OVERNIGHT CHAIN STARTED ===
[21:39:54] === OVERNIGHT CHAIN STARTED ===
[21:39:54] Waiting for Phase 2 run (PID 1017880) to finish...
[21:39:54] Waiting for Phase 2 run (PID 1017880) to finish...
[21:39:54] Still running... GPU free: 23650 MB
[21:39:54] Still running... GPU free: 23650 MB
[21:40:40] === OVERNIGHT CHAIN STARTED ===
[21:40:40] === OVERNIGHT CHAIN STARTED ===
[21:40:40] Waiting for Phase 2 run (PID 1017880) to finish...
[21:40:40] Waiting for Phase 2 run (PID 1017880) to finish...
[21:40:40] Still running... GPU free: 9972 MB
[21:40:40] Still running... GPU free: 9972 MB
[21:42:40] Still running... GPU free: 9188 MB
[21:42:40] Still running... GPU free: 9188 MB
[21:44:40] Still running... GPU free: 9186 MB
[21:44:40] Still running... GPU free: 9186 MB
[21:46:30] === OVERNIGHT CHAIN STARTED ===
[21:46:30] Waiting for Phase 2 run (PID 1017880) to finish...
[21:46:30] Still running... GPU free: 9182 MB
[21:48:30] Still running... GPU free: 22032 MB
[21:50:30] Still running... GPU free: 22018 MB
[21:52:30] Still running... GPU free: 9186 MB
[21:54:30] Still running... GPU free: 27498 MB
[21:56:30] Still running... GPU free: 9972 MB
[21:58:30] Still running... GPU free: 9166 MB
[22:00:30] Still running... GPU free: 23650 MB
[22:02:30] Still running... GPU free: 9972 MB
[22:04:30] Still running... GPU free: 23650 MB
[22:06:30] Still running... GPU free: 27574 MB
[22:08:30] Still running... GPU free: 9184 MB
[22:10:30] Still running... GPU free: 9178 MB
[22:12:30] Still running... GPU free: 27498 MB
[22:14:30] Still running... GPU free: 9166 MB
[22:16:30] Still running... GPU free: 22054 MB
[22:18:30] Still running... GPU free: 27926 MB
[22:20:30] Still running... GPU free: 27906 MB
[22:22:30] Still running... GPU free: 9180 MB
[22:24:30] Still running... GPU free: 22022 MB
[22:26:30] Still running... GPU free: 22054 MB
[22:28:31] Still running... GPU free: 9180 MB
[22:30:31] Still running... GPU free: 9188 MB
[22:32:31] Still running... GPU free: 22022 MB
[22:34:31] Still running... GPU free: 27900 MB
[22:36:31] Still running... GPU free: 9206 MB
[22:38:31] Still running... GPU free: 27498 MB
[22:40:31] Still running... GPU free: 9188 MB
[22:42:31] Still running... GPU free: 9180 MB
[22:44:31] Still running... GPU free: 27498 MB
[22:46:31] Still running... GPU free: 27092 MB
[22:48:31] Still running... GPU free: 27505 MB
[22:50:31] Still running... GPU free: 25732 MB
[22:52:31] Still running... GPU free: 18420 MB
[22:54:31] Still running... GPU free: 4530 MB
[22:56:31] Still running... GPU free: 3502 MB
[22:58:31] Still running... GPU free: 2400 MB
[23:00:31] Still running... GPU free: 1264 MB
[23:02:31] Still running... GPU free: 876 MB
[23:04:31] Still running... GPU free: 17590 MB
[23:06:31] Still running... GPU free: 20952 MB
[23:08:31] Still running... GPU free: 18710 MB
[23:10:31] Still running... GPU free: 964 MB
[23:12:31] Still running... GPU free: 21874 MB
[23:14:31] Still running... GPU free: 1348 MB
[23:16:31] Still running... GPU free: 7534 MB
[23:18:31] Still running... GPU free: 21432 MB
[23:20:31] Still running... GPU free: 1102 MB
[23:22:31] Still running... GPU free: 19068 MB
[23:24:31] Still running... GPU free: 3442 MB
[23:26:31] Still running... GPU free: 17788 MB
[23:28:31] Still running... GPU free: 20072 MB
[23:30:31] Still running... GPU free: 15086 MB
[23:32:31] Still running... GPU free: 710 MB
[23:34:31] Still running... GPU free: 18338 MB
[23:36:31] Still running... GPU free: 23468 MB
[23:38:31] Still running... GPU free: 898 MB
[23:40:32] Still running... GPU free: 950 MB
[23:42:32] Still running... GPU free: 4214 MB
[23:44:32] Still running... GPU free: 5218 MB
[23:46:32] Still running... GPU free: 2076 MB
[23:48:32] Still running... GPU free: 15894 MB
[23:50:32] Still running... GPU free: 800 MB
[23:52:32] Still running... GPU free: 8588 MB
[23:54:32] Still running... GPU free: 1442 MB
[23:56:32] Still running... GPU free: 21006 MB
[23:58:32] Still running... GPU free: 15094 MB
[00:00:32] Still running... GPU free: 15012 MB
[00:02:32] Still running... GPU free: 1960 MB
[00:04:32] Still running... GPU free: 1860 MB
[00:06:32] Still running... GPU free: 6094 MB
[00:08:32] Still running... GPU free: 19752 MB
[00:10:32] Still running... GPU free: 962 MB
[00:12:32] Still running... GPU free: 870 MB
[00:14:32] Still running... GPU free: 1064 MB
[00:16:32] Still running... GPU free: 888 MB
[00:18:32] Still running... GPU free: 13184 MB
[00:20:32] Still running... GPU free: 1054 MB
[00:22:32] Still running... GPU free: 826 MB
[00:24:32] Still running... GPU free: 746 MB
[00:26:32] Still running... GPU free: 990 MB
[00:28:32] Still running... GPU free: 944 MB
[00:30:32] Still running... GPU free: 936 MB
[00:32:32] Still running... GPU free: 820 MB
[00:34:32] Still running... GPU free: 17388 MB
[00:36:32] Phase 2 finished. GPU free: 29886 MB
[00:36:32] --- Bistability analysis: Phase1 + Phase2 ---
Loaded 92 faithfulness rows across 8 conversations

8 conversations analyzed:
           task_id  n_turns  frac_anchored  max_anchored_run is_correct
sharded-GSM8K/1019        3          0.000                 0       True
sharded-GSM8K/1197        8          0.000                 0       None
 sharded-GSM8K/214        3          0.000                 0       True
 sharded-GSM8K/401       12          0.000                 0       None
 sharded-GSM8K/547        2          0.000                 0       True
 sharded-GSM8K/598        3          0.000                 0       True
 sharded-GSM8K/953       14          0.071                 1       None
 sharded-GSM8K/965       44          0.136                 5       None

H1  n_anchored_runs=3  mean_rl=2.33  KS p=0.516  → consistent with geometric (no excess clustering)
H3  frac_anchored=0.08  frac_exploring=0.92  both_modes=True  → bimodal: anchored=8%, exploring=92%

=== DECISION: GRADUATE ===
{
  "H1_runlength": {
    "n_anchored_runs": 3,
    "mean_run_length": 2.333,
    "p_geometric_mle": 0.4286,
    "ks_stat": 0.4286,
    "ks_p": 0.516,
    "verdict": "consistent with geometric (no excess clustering)"
  },
  "H3_bimodality": {
    "n_obs": 89,
    "frac_anchored": 0.079,
    "frac_exploring": 0.921,
    "both_modes_present": true,
    "verdict": "bimodal: anchored=8%, exploring=92%"
  },
  "decision": "GRADUATE",
  "n_conversations": 8,
  "n_faithfulness_obs": 92
}
saved heatmap_faithfulness.png
saved runlength_dist.png
saved faith_distribution.png
saved frac_anchored_scatter.png

All outputs saved to /home/vasudev_majhi_2021/multi_turn_cot/multi_turn_cot_faithfulness/results/bistability_p1p2/
[00:36:34] Bistability P1+P2 done.
[00:36:34] --- Phase 3 start. GPU free: 29886 MB ---
[00:36:34] Starting Phase 3 (20 samples, max_shards=6, seed=12345)...
